#-----------------------------------------------------------
# Vivado v2020.1 (64-bit)
# SW Build 2902540 on Wed May 27 19:54:49 MDT 2020
# IP Build 2902112 on Wed May 27 22:43:36 MDT 2020
# Start of session at: Thu May  4 12:19:59 2023
# Process ID: 13392
# Current directory: C:/Users/aa05432/Downloads/CAProject (2)/CAProject/LabprojectTask03
# Command line: vivado.exe -gui_launcher_event rodinguilauncherevent10952 C:\Users\aa05432\Downloads\CAProject (2)\CAProject\LabprojectTask03\LabprojectTask03.xpr
# Log file: C:/Users/aa05432/Downloads/CAProject (2)/CAProject/LabprojectTask03/vivado.log
# Journal file: C:/Users/aa05432/Downloads/CAProject (2)/CAProject/LabprojectTask03\vivado.jou
#-----------------------------------------------------------
start_gui
open_project {C:/Users/aa05432/Downloads/CAProject (2)/CAProject/LabprojectTask03/LabprojectTask03.xpr}
INFO: [Project 1-313] Project file moved from 'C:/Users/HAMZA IRFAN/OneDrive/Desktop/CAProject/LabprojectTask03' since last save.
Scanning sources...
Finished scanning sources
INFO: [IP_Flow 19-234] Refreshing IP repositories
INFO: [IP_Flow 19-1704] No user IP repositories specified
INFO: [IP_Flow 19-2313] Loaded Vivado IP repository 'C:/Xilinx/Vivado/2020.1/data/ip'.
open_project: Time (s): cpu = 00:00:11 ; elapsed = 00:00:06 . Memory (MB): peak = 1028.855 ; gain = 0.000
update_compile_order -fileset sources_1
launch_simulation
Command: launch_simulation 
INFO: [Vivado 12-5682] Launching behavioral simulation in 'C:/Users/aa05432/Downloads/CAProject (2)/CAProject/LabprojectTask03/LabprojectTask03.sim/sim_1/behav/xsim'
INFO: [SIM-utils-51] Simulation object is 'sim_1'
INFO: [SIM-utils-54] Inspecting design source files for 'tb' in fileset 'sim_1'...
INFO: [USF-XSim-97] Finding global include files...
INFO: [USF-XSim-98] Fetching design files from 'sim_1'...
INFO: [USF-XSim-2] XSim::Compile design
INFO: [USF-XSim-61] Executing 'COMPILE and ANALYZE' step in 'C:/Users/aa05432/Downloads/CAProject (2)/CAProject/LabprojectTask03/LabprojectTask03.sim/sim_1/behav/xsim'
"xvlog --incr --relax -prj tb_vlog.prj"
INFO: [VRFC 10-2263] Analyzing Verilog file "C:/Users/aa05432/Downloads/CAProject (2)/CAProject/LabprojectTask03/LabprojectTask03.srcs/sources_1/new/ALU.v" into library xil_defaultlib
INFO: [VRFC 10-311] analyzing module ALU
INFO: [VRFC 10-2263] Analyzing Verilog file "C:/Users/aa05432/Downloads/CAProject (2)/CAProject/LabprojectTask03/LabprojectTask03.srcs/sources_1/new/ALU_Control.v" into library xil_defaultlib
INFO: [VRFC 10-311] analyzing module ALU_Control
INFO: [VRFC 10-2263] Analyzing Verilog file "C:/Users/aa05432/Downloads/CAProject (2)/CAProject/LabprojectTask03/LabprojectTask03.srcs/sources_1/new/Adder.v" into library xil_defaultlib
INFO: [VRFC 10-311] analyzing module Adder
INFO: [VRFC 10-2263] Analyzing Verilog file "C:/Users/aa05432/Downloads/CAProject (2)/CAProject/LabprojectTask03/LabprojectTask03.srcs/sources_1/new/Control_Unit.v" into library xil_defaultlib
INFO: [VRFC 10-311] analyzing module Control_Unit
INFO: [VRFC 10-2263] Analyzing Verilog file "C:/Users/aa05432/Downloads/CAProject (2)/CAProject/LabprojectTask03/LabprojectTask03.srcs/sources_1/new/Data_Memory.v" into library xil_defaultlib
INFO: [VRFC 10-311] analyzing module Data_Memory
INFO: [VRFC 10-2263] Analyzing Verilog file "C:/Users/aa05432/Downloads/CAProject (2)/CAProject/LabprojectTask03/LabprojectTask03.srcs/sources_1/new/Detect_Hazards.v" into library xil_defaultlib
INFO: [VRFC 10-311] analyzing module Detect_Hazards
INFO: [VRFC 10-2263] Analyzing Verilog file "C:/Users/aa05432/Downloads/CAProject (2)/CAProject/LabprojectTask03/LabprojectTask03.srcs/sources_1/new/EX_MEM.v" into library xil_defaultlib
INFO: [VRFC 10-311] analyzing module EX_MEM
INFO: [VRFC 10-2263] Analyzing Verilog file "C:/Users/aa05432/Downloads/CAProject (2)/CAProject/LabprojectTask03/LabprojectTask03.srcs/sources_1/new/Forwarding_Unit.v" into library xil_defaultlib
INFO: [VRFC 10-311] analyzing module Forwarding_Unit
INFO: [VRFC 10-2263] Analyzing Verilog file "C:/Users/aa05432/Downloads/CAProject (2)/CAProject/LabprojectTask03/LabprojectTask03.srcs/sources_1/new/ID_EX.v" into library xil_defaultlib
INFO: [VRFC 10-311] analyzing module ID_EX
INFO: [VRFC 10-2263] Analyzing Verilog file "C:/Users/aa05432/Downloads/CAProject (2)/CAProject/LabprojectTask03/LabprojectTask03.srcs/sources_1/new/IF_ID.v" into library xil_defaultlib
INFO: [VRFC 10-311] analyzing module IF_ID
INFO: [VRFC 10-2263] Analyzing Verilog file "C:/Users/aa05432/Downloads/CAProject (2)/CAProject/LabprojectTask03/LabprojectTask03.srcs/sources_1/new/Imm_Gen.v" into library xil_defaultlib
INFO: [VRFC 10-311] analyzing module Imm_Gen
INFO: [VRFC 10-2263] Analyzing Verilog file "C:/Users/aa05432/Downloads/CAProject (2)/CAProject/LabprojectTask03/LabprojectTask03.srcs/sources_1/new/Instruction_Memory.v" into library xil_defaultlib
INFO: [VRFC 10-311] analyzing module Instruction_Memory
INFO: [VRFC 10-2263] Analyzing Verilog file "C:/Users/aa05432/Downloads/CAProject (2)/CAProject/LabprojectTask03/LabprojectTask03.srcs/sources_1/new/MEM_WB.v" into library xil_defaultlib
INFO: [VRFC 10-311] analyzing module MEM_WB
INFO: [VRFC 10-2263] Analyzing Verilog file "C:/Users/aa05432/Downloads/CAProject (2)/CAProject/LabprojectTask03/LabprojectTask03.srcs/sources_1/new/Mux.v" into library xil_defaultlib
INFO: [VRFC 10-311] analyzing module Mux
INFO: [VRFC 10-2263] Analyzing Verilog file "C:/Users/aa05432/Downloads/CAProject (2)/CAProject/LabprojectTask03/LabprojectTask03.srcs/sources_1/new/Mux2.v" into library xil_defaultlib
INFO: [VRFC 10-311] analyzing module Mux2
INFO: [VRFC 10-2263] Analyzing Verilog file "C:/Users/aa05432/Downloads/CAProject (2)/CAProject/LabprojectTask03/LabprojectTask03.srcs/sources_1/new/Parser.v" into library xil_defaultlib
INFO: [VRFC 10-311] analyzing module Parser
INFO: [VRFC 10-2263] Analyzing Verilog file "C:/Users/aa05432/Downloads/CAProject (2)/CAProject/LabprojectTask03/LabprojectTask03.srcs/sources_1/new/Program_Counter.v" into library xil_defaultlib
INFO: [VRFC 10-311] analyzing module Program_Counter
INFO: [VRFC 10-2263] Analyzing Verilog file "C:/Users/aa05432/Downloads/CAProject (2)/CAProject/LabprojectTask03/LabprojectTask03.srcs/sources_1/new/RISC_V_Processor.v" into library xil_defaultlib
INFO: [VRFC 10-311] analyzing module RISC_V_Processor
INFO: [VRFC 10-2263] Analyzing Verilog file "C:/Users/aa05432/Downloads/CAProject (2)/CAProject/LabprojectTask03/LabprojectTask03.srcs/sources_1/new/Register_File.v" into library xil_defaultlib
INFO: [VRFC 10-311] analyzing module Register_File
INFO: [VRFC 10-2263] Analyzing Verilog file "C:/Users/aa05432/Downloads/CAProject (2)/CAProject/LabprojectTask03/LabprojectTask03.srcs/sim_1/new/tb.v" into library xil_defaultlib
INFO: [VRFC 10-311] analyzing module tb
INFO: [VRFC 10-2263] Analyzing Verilog file "C:/Users/aa05432/Downloads/CAProject (2)/CAProject/LabprojectTask03/LabprojectTask03.sim/sim_1/behav/xsim/glbl.v" into library xil_defaultlib
INFO: [VRFC 10-311] analyzing module glbl
run_program: Time (s): cpu = 00:00:00 ; elapsed = 00:00:05 . Memory (MB): peak = 1028.855 ; gain = 0.000
INFO: [USF-XSim-69] 'compile' step finished in '5' seconds
INFO: [USF-XSim-3] XSim::Elaborate design
INFO: [USF-XSim-61] Executing 'ELABORATE' step in 'C:/Users/aa05432/Downloads/CAProject (2)/CAProject/LabprojectTask03/LabprojectTask03.sim/sim_1/behav/xsim'
"xelab -wto 0d1b1c837f06401db1ae3e8d2773dbc1 --incr --debug typical --relax --mt 2 -L xil_defaultlib -L unisims_ver -L unimacro_ver -L secureip --snapshot tb_behav xil_defaultlib.tb xil_defaultlib.glbl -log elaborate.log"
Vivado Simulator 2020.1
Copyright 1986-1999, 2001-2020 Xilinx, Inc. All Rights Reserved.
Running: C:/Xilinx/Vivado/2020.1/bin/unwrapped/win64.o/xelab.exe -wto 0d1b1c837f06401db1ae3e8d2773dbc1 --incr --debug typical --relax --mt 2 -L xil_defaultlib -L unisims_ver -L unimacro_ver -L secureip --snapshot tb_behav xil_defaultlib.tb xil_defaultlib.glbl -log elaborate.log 
Using 2 slave threads.
Starting static elaboration
Pass Through NonSizing Optimizer
WARNING: [VRFC 10-3705] select index 16 into 'memory' is out of bounds [C:/Users/aa05432/Downloads/CAProject (2)/CAProject/LabprojectTask03/LabprojectTask03.srcs/sources_1/new/Instruction_Memory.v:45]
WARNING: [VRFC 10-3705] select index 17 into 'memory' is out of bounds [C:/Users/aa05432/Downloads/CAProject (2)/CAProject/LabprojectTask03/LabprojectTask03.srcs/sources_1/new/Instruction_Memory.v:46]
WARNING: [VRFC 10-3705] select index 18 into 'memory' is out of bounds [C:/Users/aa05432/Downloads/CAProject (2)/CAProject/LabprojectTask03/LabprojectTask03.srcs/sources_1/new/Instruction_Memory.v:47]
WARNING: [VRFC 10-3705] select index 19 into 'memory' is out of bounds [C:/Users/aa05432/Downloads/CAProject (2)/CAProject/LabprojectTask03/LabprojectTask03.srcs/sources_1/new/Instruction_Memory.v:48]
WARNING: [VRFC 10-3705] select index 20 into 'memory' is out of bounds [C:/Users/aa05432/Downloads/CAProject (2)/CAProject/LabprojectTask03/LabprojectTask03.srcs/sources_1/new/Instruction_Memory.v:49]
WARNING: [VRFC 10-3705] select index 21 into 'memory' is out of bounds [C:/Users/aa05432/Downloads/CAProject (2)/CAProject/LabprojectTask03/LabprojectTask03.srcs/sources_1/new/Instruction_Memory.v:50]
WARNING: [VRFC 10-3705] select index 22 into 'memory' is out of bounds [C:/Users/aa05432/Downloads/CAProject (2)/CAProject/LabprojectTask03/LabprojectTask03.srcs/sources_1/new/Instruction_Memory.v:51]
WARNING: [VRFC 10-3705] select index 23 into 'memory' is out of bounds [C:/Users/aa05432/Downloads/CAProject (2)/CAProject/LabprojectTask03/LabprojectTask03.srcs/sources_1/new/Instruction_Memory.v:52]
WARNING: [VRFC 10-3705] select index 24 into 'memory' is out of bounds [C:/Users/aa05432/Downloads/CAProject (2)/CAProject/LabprojectTask03/LabprojectTask03.srcs/sources_1/new/Instruction_Memory.v:53]
WARNING: [VRFC 10-3705] select index 25 into 'memory' is out of bounds [C:/Users/aa05432/Downloads/CAProject (2)/CAProject/LabprojectTask03/LabprojectTask03.srcs/sources_1/new/Instruction_Memory.v:54]
WARNING: [VRFC 10-3705] select index 26 into 'memory' is out of bounds [C:/Users/aa05432/Downloads/CAProject (2)/CAProject/LabprojectTask03/LabprojectTask03.srcs/sources_1/new/Instruction_Memory.v:55]
WARNING: [VRFC 10-3705] select index 27 into 'memory' is out of bounds [C:/Users/aa05432/Downloads/CAProject (2)/CAProject/LabprojectTask03/LabprojectTask03.srcs/sources_1/new/Instruction_Memory.v:56]
WARNING: [VRFC 10-3705] select index 28 into 'memory' is out of bounds [C:/Users/aa05432/Downloads/CAProject (2)/CAProject/LabprojectTask03/LabprojectTask03.srcs/sources_1/new/Instruction_Memory.v:57]
WARNING: [VRFC 10-3705] select index 29 into 'memory' is out of bounds [C:/Users/aa05432/Downloads/CAProject (2)/CAProject/LabprojectTask03/LabprojectTask03.srcs/sources_1/new/Instruction_Memory.v:58]
WARNING: [VRFC 10-3705] select index 30 into 'memory' is out of bounds [C:/Users/aa05432/Downloads/CAProject (2)/CAProject/LabprojectTask03/LabprojectTask03.srcs/sources_1/new/Instruction_Memory.v:59]
WARNING: [VRFC 10-3705] select index 31 into 'memory' is out of bounds [C:/Users/aa05432/Downloads/CAProject (2)/CAProject/LabprojectTask03/LabprojectTask03.srcs/sources_1/new/Instruction_Memory.v:60]
WARNING: [VRFC 10-3705] select index 32 into 'memory' is out of bounds [C:/Users/aa05432/Downloads/CAProject (2)/CAProject/LabprojectTask03/LabprojectTask03.srcs/sources_1/new/Instruction_Memory.v:61]
WARNING: [VRFC 10-3705] select index 33 into 'memory' is out of bounds [C:/Users/aa05432/Downloads/CAProject (2)/CAProject/LabprojectTask03/LabprojectTask03.srcs/sources_1/new/Instruction_Memory.v:62]
WARNING: [VRFC 10-3705] select index 34 into 'memory' is out of bounds [C:/Users/aa05432/Downloads/CAProject (2)/CAProject/LabprojectTask03/LabprojectTask03.srcs/sources_1/new/Instruction_Memory.v:63]
WARNING: [VRFC 10-3705] select index 35 into 'memory' is out of bounds [C:/Users/aa05432/Downloads/CAProject (2)/CAProject/LabprojectTask03/LabprojectTask03.srcs/sources_1/new/Instruction_Memory.v:64]
WARNING: [VRFC 10-3705] select index 36 into 'memory' is out of bounds [C:/Users/aa05432/Downloads/CAProject (2)/CAProject/LabprojectTask03/LabprojectTask03.srcs/sources_1/new/Instruction_Memory.v:65]
WARNING: [VRFC 10-3705] select index 37 into 'memory' is out of bounds [C:/Users/aa05432/Downloads/CAProject (2)/CAProject/LabprojectTask03/LabprojectTask03.srcs/sources_1/new/Instruction_Memory.v:66]
WARNING: [VRFC 10-3705] select index 38 into 'memory' is out of bounds [C:/Users/aa05432/Downloads/CAProject (2)/CAProject/LabprojectTask03/LabprojectTask03.srcs/sources_1/new/Instruction_Memory.v:67]
WARNING: [VRFC 10-3705] select index 39 into 'memory' is out of bounds [C:/Users/aa05432/Downloads/CAProject (2)/CAProject/LabprojectTask03/LabprojectTask03.srcs/sources_1/new/Instruction_Memory.v:68]
WARNING: [VRFC 10-3705] select index 40 into 'memory' is out of bounds [C:/Users/aa05432/Downloads/CAProject (2)/CAProject/LabprojectTask03/LabprojectTask03.srcs/sources_1/new/Instruction_Memory.v:69]
WARNING: [VRFC 10-3705] select index 41 into 'memory' is out of bounds [C:/Users/aa05432/Downloads/CAProject (2)/CAProject/LabprojectTask03/LabprojectTask03.srcs/sources_1/new/Instruction_Memory.v:70]
WARNING: [VRFC 10-3705] select index 42 into 'memory' is out of bounds [C:/Users/aa05432/Downloads/CAProject (2)/CAProject/LabprojectTask03/LabprojectTask03.srcs/sources_1/new/Instruction_Memory.v:71]
WARNING: [VRFC 10-3705] select index 43 into 'memory' is out of bounds [C:/Users/aa05432/Downloads/CAProject (2)/CAProject/LabprojectTask03/LabprojectTask03.srcs/sources_1/new/Instruction_Memory.v:72]
WARNING: [VRFC 10-3705] select index 44 into 'memory' is out of bounds [C:/Users/aa05432/Downloads/CAProject (2)/CAProject/LabprojectTask03/LabprojectTask03.srcs/sources_1/new/Instruction_Memory.v:73]
WARNING: [VRFC 10-3705] select index 45 into 'memory' is out of bounds [C:/Users/aa05432/Downloads/CAProject (2)/CAProject/LabprojectTask03/LabprojectTask03.srcs/sources_1/new/Instruction_Memory.v:74]
WARNING: [VRFC 10-3705] select index 46 into 'memory' is out of bounds [C:/Users/aa05432/Downloads/CAProject (2)/CAProject/LabprojectTask03/LabprojectTask03.srcs/sources_1/new/Instruction_Memory.v:75]
WARNING: [VRFC 10-3705] select index 47 into 'memory' is out of bounds [C:/Users/aa05432/Downloads/CAProject (2)/CAProject/LabprojectTask03/LabprojectTask03.srcs/sources_1/new/Instruction_Memory.v:76]
WARNING: [VRFC 10-3705] select index 48 into 'memory' is out of bounds [C:/Users/aa05432/Downloads/CAProject (2)/CAProject/LabprojectTask03/LabprojectTask03.srcs/sources_1/new/Instruction_Memory.v:77]
WARNING: [VRFC 10-3705] select index 49 into 'memory' is out of bounds [C:/Users/aa05432/Downloads/CAProject (2)/CAProject/LabprojectTask03/LabprojectTask03.srcs/sources_1/new/Instruction_Memory.v:78]
WARNING: [VRFC 10-3705] select index 50 into 'memory' is out of bounds [C:/Users/aa05432/Downloads/CAProject (2)/CAProject/LabprojectTask03/LabprojectTask03.srcs/sources_1/new/Instruction_Memory.v:79]
WARNING: [VRFC 10-3705] select index 51 into 'memory' is out of bounds [C:/Users/aa05432/Downloads/CAProject (2)/CAProject/LabprojectTask03/LabprojectTask03.srcs/sources_1/new/Instruction_Memory.v:80]
WARNING: [VRFC 10-3705] select index 52 into 'memory' is out of bounds [C:/Users/aa05432/Downloads/CAProject (2)/CAProject/LabprojectTask03/LabprojectTask03.srcs/sources_1/new/Instruction_Memory.v:81]
WARNING: [VRFC 10-3705] select index 53 into 'memory' is out of bounds [C:/Users/aa05432/Downloads/CAProject (2)/CAProject/LabprojectTask03/LabprojectTask03.srcs/sources_1/new/Instruction_Memory.v:82]
WARNING: [VRFC 10-3705] select index 54 into 'memory' is out of bounds [C:/Users/aa05432/Downloads/CAProject (2)/CAProject/LabprojectTask03/LabprojectTask03.srcs/sources_1/new/Instruction_Memory.v:83]
WARNING: [VRFC 10-3705] select index 55 into 'memory' is out of bounds [C:/Users/aa05432/Downloads/CAProject (2)/CAProject/LabprojectTask03/LabprojectTask03.srcs/sources_1/new/Instruction_Memory.v:84]
WARNING: [VRFC 10-3705] select index 56 into 'memory' is out of bounds [C:/Users/aa05432/Downloads/CAProject (2)/CAProject/LabprojectTask03/LabprojectTask03.srcs/sources_1/new/Instruction_Memory.v:85]
WARNING: [VRFC 10-3705] select index 57 into 'memory' is out of bounds [C:/Users/aa05432/Downloads/CAProject (2)/CAProject/LabprojectTask03/LabprojectTask03.srcs/sources_1/new/Instruction_Memory.v:86]
WARNING: [VRFC 10-3705] select index 58 into 'memory' is out of bounds [C:/Users/aa05432/Downloads/CAProject (2)/CAProject/LabprojectTask03/LabprojectTask03.srcs/sources_1/new/Instruction_Memory.v:87]
WARNING: [VRFC 10-3705] select index 59 into 'memory' is out of bounds [C:/Users/aa05432/Downloads/CAProject (2)/CAProject/LabprojectTask03/LabprojectTask03.srcs/sources_1/new/Instruction_Memory.v:88]
WARNING: [VRFC 10-3705] select index 60 into 'memory' is out of bounds [C:/Users/aa05432/Downloads/CAProject (2)/CAProject/LabprojectTask03/LabprojectTask03.srcs/sources_1/new/Instruction_Memory.v:89]
WARNING: [VRFC 10-3705] select index 61 into 'memory' is out of bounds [C:/Users/aa05432/Downloads/CAProject (2)/CAProject/LabprojectTask03/LabprojectTask03.srcs/sources_1/new/Instruction_Memory.v:90]
WARNING: [VRFC 10-3705] select index 62 into 'memory' is out of bounds [C:/Users/aa05432/Downloads/CAProject (2)/CAProject/LabprojectTask03/LabprojectTask03.srcs/sources_1/new/Instruction_Memory.v:91]
WARNING: [VRFC 10-3705] select index 63 into 'memory' is out of bounds [C:/Users/aa05432/Downloads/CAProject (2)/CAProject/LabprojectTask03/LabprojectTask03.srcs/sources_1/new/Instruction_Memory.v:92]
WARNING: [VRFC 10-3705] select index 64 into 'memory' is out of bounds [C:/Users/aa05432/Downloads/CAProject (2)/CAProject/LabprojectTask03/LabprojectTask03.srcs/sources_1/new/Instruction_Memory.v:93]
WARNING: [VRFC 10-3705] select index 65 into 'memory' is out of bounds [C:/Users/aa05432/Downloads/CAProject (2)/CAProject/LabprojectTask03/LabprojectTask03.srcs/sources_1/new/Instruction_Memory.v:94]
WARNING: [VRFC 10-3705] select index 66 into 'memory' is out of bounds [C:/Users/aa05432/Downloads/CAProject (2)/CAProject/LabprojectTask03/LabprojectTask03.srcs/sources_1/new/Instruction_Memory.v:95]
WARNING: [VRFC 10-3705] select index 67 into 'memory' is out of bounds [C:/Users/aa05432/Downloads/CAProject (2)/CAProject/LabprojectTask03/LabprojectTask03.srcs/sources_1/new/Instruction_Memory.v:96]
WARNING: [VRFC 10-3705] select index 68 into 'memory' is out of bounds [C:/Users/aa05432/Downloads/CAProject (2)/CAProject/LabprojectTask03/LabprojectTask03.srcs/sources_1/new/Instruction_Memory.v:97]
WARNING: [VRFC 10-3705] select index 69 into 'memory' is out of bounds [C:/Users/aa05432/Downloads/CAProject (2)/CAProject/LabprojectTask03/LabprojectTask03.srcs/sources_1/new/Instruction_Memory.v:98]
WARNING: [VRFC 10-3705] select index 70 into 'memory' is out of bounds [C:/Users/aa05432/Downloads/CAProject (2)/CAProject/LabprojectTask03/LabprojectTask03.srcs/sources_1/new/Instruction_Memory.v:99]
WARNING: [VRFC 10-3705] select index 71 into 'memory' is out of bounds [C:/Users/aa05432/Downloads/CAProject (2)/CAProject/LabprojectTask03/LabprojectTask03.srcs/sources_1/new/Instruction_Memory.v:100]
WARNING: [VRFC 10-3705] select index 72 into 'memory' is out of bounds [C:/Users/aa05432/Downloads/CAProject (2)/CAProject/LabprojectTask03/LabprojectTask03.srcs/sources_1/new/Instruction_Memory.v:101]
WARNING: [VRFC 10-3705] select index 73 into 'memory' is out of bounds [C:/Users/aa05432/Downloads/CAProject (2)/CAProject/LabprojectTask03/LabprojectTask03.srcs/sources_1/new/Instruction_Memory.v:102]
WARNING: [VRFC 10-3705] select index 74 into 'memory' is out of bounds [C:/Users/aa05432/Downloads/CAProject (2)/CAProject/LabprojectTask03/LabprojectTask03.srcs/sources_1/new/Instruction_Memory.v:103]
WARNING: [VRFC 10-3705] select index 75 into 'memory' is out of bounds [C:/Users/aa05432/Downloads/CAProject (2)/CAProject/LabprojectTask03/LabprojectTask03.srcs/sources_1/new/Instruction_Memory.v:104]
WARNING: [VRFC 10-3705] select index 76 into 'memory' is out of bounds [C:/Users/aa05432/Downloads/CAProject (2)/CAProject/LabprojectTask03/LabprojectTask03.srcs/sources_1/new/Instruction_Memory.v:105]
WARNING: [VRFC 10-3705] select index 77 into 'memory' is out of bounds [C:/Users/aa05432/Downloads/CAProject (2)/CAProject/LabprojectTask03/LabprojectTask03.srcs/sources_1/new/Instruction_Memory.v:106]
WARNING: [VRFC 10-3705] select index 78 into 'memory' is out of bounds [C:/Users/aa05432/Downloads/CAProject (2)/CAProject/LabprojectTask03/LabprojectTask03.srcs/sources_1/new/Instruction_Memory.v:107]
WARNING: [VRFC 10-3705] select index 79 into 'memory' is out of bounds [C:/Users/aa05432/Downloads/CAProject (2)/CAProject/LabprojectTask03/LabprojectTask03.srcs/sources_1/new/Instruction_Memory.v:108]
WARNING: [VRFC 10-3705] select index 80 into 'memory' is out of bounds [C:/Users/aa05432/Downloads/CAProject (2)/CAProject/LabprojectTask03/LabprojectTask03.srcs/sources_1/new/Instruction_Memory.v:109]
WARNING: [VRFC 10-3705] select index 81 into 'memory' is out of bounds [C:/Users/aa05432/Downloads/CAProject (2)/CAProject/LabprojectTask03/LabprojectTask03.srcs/sources_1/new/Instruction_Memory.v:110]
WARNING: [VRFC 10-3705] select index 82 into 'memory' is out of bounds [C:/Users/aa05432/Downloads/CAProject (2)/CAProject/LabprojectTask03/LabprojectTask03.srcs/sources_1/new/Instruction_Memory.v:111]
WARNING: [VRFC 10-3705] select index 83 into 'memory' is out of bounds [C:/Users/aa05432/Downloads/CAProject (2)/CAProject/LabprojectTask03/LabprojectTask03.srcs/sources_1/new/Instruction_Memory.v:112]
WARNING: [VRFC 10-3705] select index 84 into 'memory' is out of bounds [C:/Users/aa05432/Downloads/CAProject (2)/CAProject/LabprojectTask03/LabprojectTask03.srcs/sources_1/new/Instruction_Memory.v:113]
WARNING: [VRFC 10-3705] select index 85 into 'memory' is out of bounds [C:/Users/aa05432/Downloads/CAProject (2)/CAProject/LabprojectTask03/LabprojectTask03.srcs/sources_1/new/Instruction_Memory.v:114]
WARNING: [VRFC 10-3705] select index 86 into 'memory' is out of bounds [C:/Users/aa05432/Downloads/CAProject (2)/CAProject/LabprojectTask03/LabprojectTask03.srcs/sources_1/new/Instruction_Memory.v:115]
WARNING: [VRFC 10-3705] select index 87 into 'memory' is out of bounds [C:/Users/aa05432/Downloads/CAProject (2)/CAProject/LabprojectTask03/LabprojectTask03.srcs/sources_1/new/Instruction_Memory.v:116]
WARNING: [VRFC 10-3705] select index 88 into 'memory' is out of bounds [C:/Users/aa05432/Downloads/CAProject (2)/CAProject/LabprojectTask03/LabprojectTask03.srcs/sources_1/new/Instruction_Memory.v:117]
WARNING: [VRFC 10-3705] select index 89 into 'memory' is out of bounds [C:/Users/aa05432/Downloads/CAProject (2)/CAProject/LabprojectTask03/LabprojectTask03.srcs/sources_1/new/Instruction_Memory.v:118]
WARNING: [VRFC 10-3705] select index 90 into 'memory' is out of bounds [C:/Users/aa05432/Downloads/CAProject (2)/CAProject/LabprojectTask03/LabprojectTask03.srcs/sources_1/new/Instruction_Memory.v:119]
WARNING: [VRFC 10-3705] select index 91 into 'memory' is out of bounds [C:/Users/aa05432/Downloads/CAProject (2)/CAProject/LabprojectTask03/LabprojectTask03.srcs/sources_1/new/Instruction_Memory.v:120]
WARNING: [VRFC 10-3705] select index 92 into 'memory' is out of bounds [C:/Users/aa05432/Downloads/CAProject (2)/CAProject/LabprojectTask03/LabprojectTask03.srcs/sources_1/new/Instruction_Memory.v:121]
WARNING: [VRFC 10-3705] select index 93 into 'memory' is out of bounds [C:/Users/aa05432/Downloads/CAProject (2)/CAProject/LabprojectTask03/LabprojectTask03.srcs/sources_1/new/Instruction_Memory.v:122]
WARNING: [VRFC 10-3705] select index 94 into 'memory' is out of bounds [C:/Users/aa05432/Downloads/CAProject (2)/CAProject/LabprojectTask03/LabprojectTask03.srcs/sources_1/new/Instruction_Memory.v:123]
WARNING: [VRFC 10-3705] select index 95 into 'memory' is out of bounds [C:/Users/aa05432/Downloads/CAProject (2)/CAProject/LabprojectTask03/LabprojectTask03.srcs/sources_1/new/Instruction_Memory.v:124]
Completed static elaboration
Starting simulation data flow analysis
Completed simulation data flow analysis
Time Resolution for simulation is 1ps
Compiling module xil_defaultlib.Program_Counter
Compiling module xil_defaultlib.Adder
Compiling module xil_defaultlib.Mux
Compiling module xil_defaultlib.Instruction_Memory
Compiling module xil_defaultlib.IF_ID
Compiling module xil_defaultlib.Parser
Compiling module xil_defaultlib.Control_Unit
Compiling module xil_defaultlib.Register_File
Compiling module xil_defaultlib.Imm_Gen
Compiling module xil_defaultlib.ID_EX
Compiling module xil_defaultlib.ALU_Control
Compiling module xil_defaultlib.Forwarding_Unit
Compiling module xil_defaultlib.Mux2
Compiling module xil_defaultlib.ALU
Compiling module xil_defaultlib.EX_MEM
Compiling module xil_defaultlib.Data_Memory
Compiling module xil_defaultlib.MEM_WB
Compiling module xil_defaultlib.Detect_Hazards
Compiling module xil_defaultlib.RISC_V_Processor
Compiling module xil_defaultlib.tb
Compiling module xil_defaultlib.glbl
Built simulation snapshot tb_behav
/CAProject/LabprojectTask03/LabprojectTask03.sim/sim_1/behav/xsim/xsim.dir/tb_behav/webtalk/xsim_webtalk.tcl was unexpected at this time.
run_program: Time (s): cpu = 00:00:01 ; elapsed = 00:00:14 . Memory (MB): peak = 1028.855 ; gain = 0.000
INFO: [USF-XSim-69] 'elaborate' step finished in '14' seconds
INFO: [USF-XSim-4] XSim::Simulate design
INFO: [USF-XSim-61] Executing 'SIMULATE' step in 'C:/Users/aa05432/Downloads/CAProject (2)/CAProject/LabprojectTask03/LabprojectTask03.sim/sim_1/behav/xsim'
INFO: [USF-XSim-98] *** Running xsim
   with args "tb_behav -key {Behavioral:sim_1:Functional:tb} -tclbatch {tb.tcl} -view {{C:/Users/aa05432/Downloads/CAProject (2)/CAProject/LabprojectTask03/tb_behav.wcfg}} -log {simulate.log}"
INFO: [USF-XSim-8] Loading simulator feature
Vivado Simulator 2020.1
Time resolution is 1 ps
open_wave_config {C:/Users/aa05432/Downloads/CAProject (2)/CAProject/LabprojectTask03/tb_behav.wcfg}
source tb.tcl
# set curr_wave [current_wave_config]
# if { [string length $curr_wave] == 0 } {
#   if { [llength [get_objects]] > 0} {
#     add_wave /
#     set_property needs_save false [current_wave_config]
#   } else {
#      send_msg_id Add_Wave-1 WARNING "No top level signals found. Simulator will start without a wave window. If you want to open a wave window go to 'File->New Waveform Configuration' or type 'create_wave_config' in the TCL console."
#   }
# }
# run 1000ns
xsim: Time (s): cpu = 00:00:09 ; elapsed = 00:00:07 . Memory (MB): peak = 1028.855 ; gain = 0.000
INFO: [USF-XSim-96] XSim completed. Design snapshot 'tb_behav' loaded.
INFO: [USF-XSim-97] XSim simulation ran for 1000ns
launch_simulation: Time (s): cpu = 00:00:12 ; elapsed = 00:00:29 . Memory (MB): peak = 1028.855 ; gain = 0.000
